# JRE version: OpenJDK Runtime Environment Corretto-17.0.3.6.1 (17.0.3+6) (build 17.0.3+6-LTS)
# Java VM: OpenJDK 64-Bit Server VM Corretto-17.0.3.6.1 (17.0.3+6-LTS, mixed mode, sharing, tiered, compressed oops, compressed class ptrs, g1 gc, linux-amd64)
GC Precious Log:
 CPUs: 8 total, 8 available
 Memory: 6940M
 Large Page Support: Disabled
 NUMA Support: Disabled
 Compressed Oops: Enabled (32-bit)
 Heap Region Size: 1M
 Heap Min Capacity: 8M
 Heap Initial Capacity: 110M
 Heap Max Capacity: 1736M
 Pre-touch: Disabled
 Parallel Workers: 8
 Concurrent Workers: 2
 Concurrent Refinement Workers: 8
 Periodic GC: Disabled
Heap:
 garbage-first heap   total 108544K, used 32817K [0x0000000093800000, 0x0000000100000000)
  region size 1024K, 2 young (2048K), 1 survivors (1024K)
 Metaspace       used 37855K, committed 38080K, reserved 1089536K
  class space    used 4740K, committed 4864K, reserved 1048576K
GC Heap History (12 events):
Event: 0.517 GC heap before
{Heap before GC invocations=0 (full 0):
 garbage-first heap   total 114688K, used 27616K [0x0000000093800000, 0x0000000100000000)
  region size 1024K, 23 young (23552K), 0 survivors (0K)
 Metaspace       used 7084K, committed 7168K, reserved 1064960K
  class space    used 731K, committed 768K, reserved 1048576K
}
Event: 0.522 GC heap after
{Heap after GC invocations=1 (full 0):
 garbage-first heap   total 114688K, used 6624K [0x0000000093800000, 0x0000000100000000)
  region size 1024K, 3 young (3072K), 3 survivors (3072K)
 Metaspace       used 7084K, committed 7168K, reserved 1064960K
  class space    used 731K, committed 768K, reserved 1048576K
}
Event: 1.291 GC heap before
{Heap before GC invocations=1 (full 0):
 garbage-first heap   total 114688K, used 44512K [0x0000000093800000, 0x0000000100000000)
  region size 1024K, 37 young (37888K), 3 survivors (3072K)
 Metaspace       used 15499K, committed 15680K, reserved 1064960K
  class space    used 1774K, committed 1920K, reserved 1048576K
}
Event: 1.305 GC heap after
{Heap after GC invocations=2 (full 0):
 garbage-first heap   total 114688K, used 13954K [0x0000000093800000, 0x0000000100000000)
  region size 1024K, 5 young (5120K), 5 survivors (5120K)
 Metaspace       used 15499K, committed 15680K, reserved 1064960K
  class space    used 1774K, committed 1920K, reserved 1048576K
}
Event: 1.704 GC heap before
{Heap before GC invocations=2 (full 0):
 garbage-first heap   total 114688K, used 45698K [0x0000000093800000, 0x0000000100000000)
  region size 1024K, 35 young (35840K), 5 survivors (5120K)
 Metaspace       used 21319K, committed 21504K, reserved 1073152K
  class space    used 2782K, committed 2880K, reserved 1048576K
}
Event: 1.716 GC heap after
{Heap after GC invocations=3 (full 0):
 garbage-first heap   total 114688K, used 22496K [0x0000000093800000, 0x0000000100000000)
  region size 1024K, 8 young (8192K), 8 survivors (8192K)
 Metaspace       used 21319K, committed 21504K, reserved 1073152K
  class space    used 2782K, committed 2880K, reserved 1048576K
}
Event: 2.195 GC heap before
{Heap before GC invocations=4 (full 0):
 garbage-first heap   total 81920K, used 59360K [0x0000000093800000, 0x0000000100000000)
  region size 1024K, 45 young (46080K), 8 survivors (8192K)
 Metaspace       used 26034K, committed 26304K, reserved 1073152K
  class space    used 3318K, committed 3456K, reserved 1048576K
}
Event: 2.215 GC heap after
{Heap after GC invocations=5 (full 0):
 garbage-first heap   total 81920K, used 26582K [0x0000000093800000, 0x0000000100000000)
  region size 1024K, 4 young (4096K), 4 survivors (4096K)
 Metaspace       used 26034K, committed 26304K, reserved 1073152K
  class space    used 3318K, committed 3456K, reserved 1048576K
}
Event: 2.583 GC heap before
{Heap before GC invocations=5 (full 0):
 garbage-first heap   total 81920K, used 57302K [0x0000000093800000, 0x0000000100000000)
  region size 1024K, 34 young (34816K), 4 survivors (4096K)
 Metaspace       used 31607K, committed 31936K, reserved 1081344K
  class space    used 4010K, committed 4160K, reserved 1048576K
}
Event: 2.598 GC heap after
{Heap after GC invocations=6 (full 0):
 garbage-first heap   total 81920K, used 30688K [0x0000000093800000, 0x0000000100000000)
  region size 1024K, 4 young (4096K), 4 survivors (4096K)
 Metaspace       used 31607K, committed 31936K, reserved 1081344K
  class space    used 4010K, committed 4160K, reserved 1048576K
}
Event: 2.940 GC heap before
{Heap before GC invocations=6 (full 0):
 garbage-first heap   total 81920K, used 49120K [0x0000000093800000, 0x0000000100000000)
  region size 1024K, 23 young (23552K), 4 survivors (4096K)
 Metaspace       used 36055K, committed 36288K, reserved 1081344K
  class space    used 4543K, committed 4672K, reserved 1048576K
}
Event: 2.950 GC heap after
{Heap after GC invocations=7 (full 0):
 garbage-first heap   total 81920K, used 32371K [0x0000000093800000, 0x0000000100000000)
  region size 1024K, 2 young (2048K), 2 survivors (2048K)
 Metaspace       used 36055K, committed 36288K, reserved 1081344K
  class space    used 4543K, committed 4672K, reserved 1048576K
}

