# JRE version: OpenJDK Runtime Environment Corretto-17.0.3.6.1 (17.0.3+6) (build 17.0.3+6-LTS)
# Java VM: OpenJDK 64-Bit Server VM Corretto-17.0.3.6.1 (17.0.3+6-LTS, mixed mode, sharing, tiered, compressed oops, compressed class ptrs, g1 gc, linux-amd64)
GC Precious Log:
 CPUs: 8 total, 8 available
 Memory: 6940M
 Large Page Support: Disabled
 NUMA Support: Disabled
 Compressed Oops: Enabled (32-bit)
 Heap Region Size: 1M
 Heap Min Capacity: 8M
 Heap Initial Capacity: 110M
 Heap Max Capacity: 1736M
 Pre-touch: Disabled
 Parallel Workers: 8
 Concurrent Workers: 2
 Concurrent Refinement Workers: 8
 Periodic GC: Disabled
Heap:
 garbage-first heap   total 194560K, used 123004K [0x0000000093800000, 0x0000000100000000)
  region size 1024K, 2 young (2048K), 1 survivors (1024K)
 Metaspace       used 2453K, committed 2624K, reserved 1056768K
  class space    used 194K, committed 320K, reserved 1048576K
GC Heap History (20 events):
Event: 53.766 GC heap before
{Heap before GC invocations=207 (full 0):
 garbage-first heap   total 296960K, used 255608K [0x0000000093800000, 0x0000000100000000)
  region size 1024K, 116 young (118784K), 5 survivors (5120K)
 Metaspace       used 2453K, committed 2624K, reserved 1056768K
  class space    used 194K, committed 320K, reserved 1048576K
}
Event: 53.770 GC heap after
{Heap after GC invocations=208 (full 0):
 garbage-first heap   total 296960K, used 143830K [0x0000000093800000, 0x0000000100000000)
  region size 1024K, 7 young (7168K), 7 survivors (7168K)
 Metaspace       used 2453K, committed 2624K, reserved 1056768K
  class space    used 194K, committed 320K, reserved 1048576K
}
Event: 54.732 GC heap before
{Heap before GC invocations=209 (full 0):
 garbage-first heap   total 296960K, used 271830K [0x0000000093800000, 0x0000000100000000)
  region size 1024K, 112 young (114688K), 7 survivors (7168K)
 Metaspace       used 2453K, committed 2624K, reserved 1056768K
  class space    used 194K, committed 320K, reserved 1048576K
}
Event: 54.757 GC heap after
{Heap after GC invocations=210 (full 0):
 garbage-first heap   total 296960K, used 147362K [0x0000000093800000, 0x0000000100000000)
  region size 1024K, 1 young (1024K), 1 survivors (1024K)
 Metaspace       used 2453K, committed 2624K, reserved 1056768K
  class space    used 194K, committed 320K, reserved 1048576K
}
Event: 54.815 GC heap before
{Heap before GC invocations=210 (full 0):
 garbage-first heap   total 296960K, used 160674K [0x0000000093800000, 0x0000000100000000)
  region size 1024K, 14 young (14336K), 1 survivors (1024K)
 Metaspace       used 2453K, committed 2624K, reserved 1056768K
  class space    used 194K, committed 320K, reserved 1048576K
}
Event: 54.816 GC heap after
{Heap after GC invocations=211 (full 0):
 garbage-first heap   total 296960K, used 146541K [0x0000000093800000, 0x0000000100000000)
  region size 1024K, 1 young (1024K), 1 survivors (1024K)
 Metaspace       used 2453K, committed 2624K, reserved 1056768K
  class space    used 194K, committed 320K, reserved 1048576K
}
Event: 55.320 GC heap before
{Heap before GC invocations=211 (full 0):
 garbage-first heap   total 296960K, used 263277K [0x0000000093800000, 0x0000000100000000)
  region size 1024K, 106 young (108544K), 1 survivors (1024K)
 Metaspace       used 2453K, committed 2624K, reserved 1056768K
  class space    used 194K, committed 320K, reserved 1048576K
}
Event: 55.324 GC heap after
{Heap after GC invocations=212 (full 0):
 garbage-first heap   total 296960K, used 138488K [0x0000000093800000, 0x0000000100000000)
  region size 1024K, 3 young (3072K), 3 survivors (3072K)
 Metaspace       used 2453K, committed 2624K, reserved 1056768K
  class space    used 194K, committed 320K, reserved 1048576K
}
Event: 55.647 GC heap before
{Heap before GC invocations=212 (full 0):
 garbage-first heap   total 296960K, used 254200K [0x0000000093800000, 0x0000000100000000)
  region size 1024K, 116 young (118784K), 3 survivors (3072K)
 Metaspace       used 2453K, committed 2624K, reserved 1056768K
  class space    used 194K, committed 320K, reserved 1048576K
}
Event: 55.652 GC heap after
{Heap after GC invocations=213 (full 0):
 garbage-first heap   total 296960K, used 140534K [0x0000000093800000, 0x0000000100000000)
  region size 1024K, 5 young (5120K), 5 survivors (5120K)
 Metaspace       used 2453K, committed 2624K, reserved 1056768K
  class space    used 194K, committed 320K, reserved 1048576K
}
Event: 55.960 GC heap before
{Heap before GC invocations=213 (full 0):
 garbage-first heap   total 296960K, used 255222K [0x0000000093800000, 0x0000000100000000)
  region size 1024K, 117 young (119808K), 5 survivors (5120K)
 Metaspace       used 2453K, committed 2624K, reserved 1056768K
  class space    used 194K, committed 320K, reserved 1048576K
}
Event: 55.964 GC heap after
{Heap after GC invocations=214 (full 0):
 garbage-first heap   total 296960K, used 142853K [0x0000000093800000, 0x0000000100000000)
  region size 1024K, 7 young (7168K), 7 survivors (7168K)
 Metaspace       used 2453K, committed 2624K, reserved 1056768K
  class space    used 194K, committed 320K, reserved 1048576K
}
Event: 56.560 GC heap before
{Heap before GC invocations=215 (full 0):
 garbage-first heap   total 194560K, used 179717K [0x0000000093800000, 0x0000000100000000)
  region size 1024K, 99 young (101376K), 7 survivors (7168K)
 Metaspace       used 2453K, committed 2624K, reserved 1056768K
  class space    used 194K, committed 320K, reserved 1048576K
}
Event: 56.586 GC heap after
{Heap after GC invocations=216 (full 0):
 garbage-first heap   total 194560K, used 81082K [0x0000000093800000, 0x0000000100000000)
  region size 1024K, 1 young (1024K), 1 survivors (1024K)
 Metaspace       used 2453K, committed 2624K, reserved 1056768K
  class space    used 194K, committed 320K, reserved 1048576K
}
Event: 56.742 GC heap before
{Heap before GC invocations=216 (full 0):
 garbage-first heap   total 194560K, used 114874K [0x0000000093800000, 0x0000000100000000)
  region size 1024K, 9 young (9216K), 1 survivors (1024K)
 Metaspace       used 2453K, committed 2624K, reserved 1056768K
  class space    used 194K, committed 320K, reserved 1048576K
}
Event: 56.762 GC heap after
{Heap after GC invocations=217 (full 0):
 garbage-first heap   total 194560K, used 105590K [0x0000000093800000, 0x0000000100000000)
  region size 1024K, 1 young (1024K), 1 survivors (1024K)
 Metaspace       used 2453K, committed 2624K, reserved 1056768K
  class space    used 194K, committed 320K, reserved 1048576K
}
Event: 56.905 GC heap before
{Heap before GC invocations=217 (full 0):
 garbage-first heap   total 194560K, used 166006K [0x0000000093800000, 0x0000000100000000)
  region size 1024K, 42 young (43008K), 1 survivors (1024K)
 Metaspace       used 2453K, committed 2624K, reserved 1056768K
  class space    used 194K, committed 320K, reserved 1048576K
}
Event: 56.907 GC heap after
{Heap after GC invocations=218 (full 0):
 garbage-first heap   total 194560K, used 113790K [0x0000000093800000, 0x0000000100000000)
  region size 1024K, 1 young (1024K), 1 survivors (1024K)
 Metaspace       used 2453K, committed 2624K, reserved 1056768K
  class space    used 194K, committed 320K, reserved 1048576K
}
Event: 56.941 GC heap before
{Heap before GC invocations=218 (full 0):
 garbage-first heap   total 194560K, used 124030K [0x0000000093800000, 0x0000000100000000)
  region size 1024K, 12 young (12288K), 1 survivors (1024K)
 Metaspace       used 2453K, committed 2624K, reserved 1056768K
  class space    used 194K, committed 320K, reserved 1048576K
}
Event: 56.943 GC heap after
{Heap after GC invocations=219 (full 0):
 garbage-first heap   total 194560K, used 113788K [0x0000000093800000, 0x0000000100000000)
  region size 1024K, 1 young (1024K), 1 survivors (1024K)
 Metaspace       used 2453K, committed 2624K, reserved 1056768K
  class space    used 194K, committed 320K, reserved 1048576K
}

