# JRE version: OpenJDK Runtime Environment Corretto-17.0.3.6.1 (17.0.3+6) (build 17.0.3+6-LTS)
# Java VM: OpenJDK 64-Bit Server VM Corretto-17.0.3.6.1 (17.0.3+6-LTS, mixed mode, sharing, tiered, compressed oops, compressed class ptrs, g1 gc, linux-amd64)
GC Precious Log:
 CPUs: 8 total, 8 available
 Memory: 6940M
 Large Page Support: Disabled
 NUMA Support: Disabled
 Compressed Oops: Enabled (32-bit)
 Heap Region Size: 1M
 Heap Min Capacity: 256M
 Heap Initial Capacity: 256M
 Heap Max Capacity: 512M
 Pre-touch: Disabled
 Parallel Workers: 8
 Concurrent Workers: 2
 Concurrent Refinement Workers: 8
 Periodic GC: Disabled
Heap:
 garbage-first heap   total 262144K, used 74556K [0x00000000e0000000, 0x0000000100000000)
  region size 1024K, 42 young (43008K), 18 survivors (18432K)
 Metaspace       used 59738K, committed 60480K, reserved 270336K
  class space    used 8299K, committed 8640K, reserved 212992K
GC Heap History (12 events):
Event: 0.647 GC heap before
{Heap before GC invocations=0 (full 0):
 garbage-first heap   total 264192K, used 29664K [0x00000000e0000000, 0x0000000100000000)
  region size 1024K, 23 young (23552K), 0 survivors (0K)
 Metaspace       used 3241K, committed 3456K, reserved 221184K
  class space    used 423K, committed 512K, reserved 212992K
}
Event: 0.651 GC heap after
{Heap after GC invocations=1 (full 0):
 garbage-first heap   total 264192K, used 10188K [0x00000000e0000000, 0x0000000100000000)
  region size 1024K, 3 young (3072K), 3 survivors (3072K)
 Metaspace       used 3241K, committed 3456K, reserved 221184K
  class space    used 423K, committed 512K, reserved 212992K
}
Event: 1.022 GC heap before
{Heap before GC invocations=1 (full 0):
 garbage-first heap   total 264192K, used 43980K [0x00000000e0000000, 0x0000000100000000)
  region size 1024K, 35 young (35840K), 3 survivors (3072K)
 Metaspace       used 6069K, committed 6272K, reserved 221184K
  class space    used 858K, committed 960K, reserved 212992K
}
Event: 1.027 GC heap after
{Heap after GC invocations=2 (full 0):
 garbage-first heap   total 264192K, used 15528K [0x00000000e0000000, 0x0000000100000000)
  region size 1024K, 5 young (5120K), 5 survivors (5120K)
 Metaspace       used 6069K, committed 6272K, reserved 221184K
  class space    used 858K, committed 960K, reserved 212992K
}
Event: 239.406 GC heap before
{Heap before GC invocations=2 (full 0):
 garbage-first heap   total 264192K, used 105640K [0x00000000e0000000, 0x0000000100000000)
  region size 1024K, 94 young (96256K), 5 survivors (5120K)
 Metaspace       used 21220K, committed 21504K, reserved 237568K
  class space    used 3159K, committed 3328K, reserved 212992K
}
Event: 239.414 GC heap after
{Heap after GC invocations=3 (full 0):
 garbage-first heap   total 264192K, used 20998K [0x00000000e0000000, 0x0000000100000000)
  region size 1024K, 11 young (11264K), 11 survivors (11264K)
 Metaspace       used 21220K, committed 21504K, reserved 237568K
  class space    used 3159K, committed 3328K, reserved 212992K
}
Event: 240.849 GC heap before
{Heap before GC invocations=4 (full 0):
 garbage-first heap   total 262144K, used 131590K [0x00000000e0000000, 0x0000000100000000)
  region size 1024K, 117 young (119808K), 11 survivors (11264K)
 Metaspace       used 35538K, committed 35968K, reserved 245760K
  class space    used 4879K, committed 5120K, reserved 212992K
}
Event: 240.865 GC heap after
{Heap after GC invocations=5 (full 0):
 garbage-first heap   total 262144K, used 31277K [0x00000000e0000000, 0x0000000100000000)
  region size 1024K, 16 young (16384K), 16 survivors (16384K)
 Metaspace       used 35538K, committed 35968K, reserved 245760K
  class space    used 4879K, committed 5120K, reserved 212992K
}
Event: 243.274 GC heap before
{Heap before GC invocations=6 (full 0):
 garbage-first heap   total 262144K, used 173613K [0x00000000e0000000, 0x0000000100000000)
  region size 1024K, 153 young (156672K), 16 survivors (16384K)
 Metaspace       used 50712K, committed 51328K, reserved 262144K
  class space    used 7014K, committed 7296K, reserved 212992K
}
Event: 243.316 GC heap after
{Heap after GC invocations=7 (full 0):
 garbage-first heap   total 262144K, used 43906K [0x00000000e0000000, 0x0000000100000000)
  region size 1024K, 11 young (11264K), 11 survivors (11264K)
 Metaspace       used 50712K, committed 51328K, reserved 262144K
  class space    used 7014K, committed 7296K, reserved 212992K
}
Event: 289.725 GC heap before
{Heap before GC invocations=7 (full 0):
 garbage-first heap   total 262144K, used 146306K [0x00000000e0000000, 0x0000000100000000)
  region size 1024K, 112 young (114688K), 11 survivors (11264K)
 Metaspace       used 59405K, committed 60096K, reserved 270336K
  class space    used 8284K, committed 8640K, reserved 212992K
}
Event: 289.742 GC heap after
{Heap after GC invocations=8 (full 0):
 garbage-first heap   total 262144K, used 51004K [0x00000000e0000000, 0x0000000100000000)
  region size 1024K, 18 young (18432K), 18 survivors (18432K)
 Metaspace       used 59405K, committed 60096K, reserved 270336K
  class space    used 8284K, committed 8640K, reserved 212992K
}

